{"C:\\Users\\Leandro\\Desktop\\Frontend\\frontend\\src\\App.js": {"path":"C:\\Users\\Leandro\\Desktop\\Frontend\\frontend\\src\\App.js","statementMap":{"0":{"start":{"line":8,"column":38},"end":{"line":8,"column":52}},"1":{"start":{"line":10,"column":4},"end":{"line":15,"column":12}},"2":{"start":{"line":11,"column":22},"end":{"line":11,"column":58}},"3":{"start":{"line":12,"column":8},"end":{"line":14,"column":9}},"4":{"start":{"line":13,"column":12},"end":{"line":13,"column":32}},"5":{"start":{"line":17,"column":2},"end":{"line":22,"column":4}}},"fnMap":{"0":{"name":"App","decl":{"start":{"line":6,"column":9},"end":{"line":6,"column":12}},"loc":{"start":{"line":6,"column":15},"end":{"line":23,"column":1}},"line":6},"1":{"name":"(anonymous_1)","decl":{"start":{"line":10,"column":14},"end":{"line":10,"column":15}},"loc":{"start":{"line":10,"column":20},"end":{"line":15,"column":7}},"line":10}},"branchMap":{"0":{"loc":{"start":{"line":12,"column":8},"end":{"line":14,"column":9}},"type":"if","locations":[{"start":{"line":12,"column":8},"end":{"line":14,"column":9}},{"start":{},"end":{}}],"line":12}},"s":{"0":0,"1":0,"2":0,"3":0,"4":0,"5":0},"f":{"0":0,"1":0},"b":{"0":[0,0]}}
,"C:\\Users\\Leandro\\Desktop\\Frontend\\frontend\\src\\index.js": {"path":"C:\\Users\\Leandro\\Desktop\\Frontend\\frontend\\src\\index.js","statementMap":{"0":{"start":{"line":7,"column":13},"end":{"line":7,"column":65}},"1":{"start":{"line":8,"column":0},"end":{"line":12,"column":2}},"2":{"start":{"line":17,"column":0},"end":{"line":17,"column":18}}},"fnMap":{},"branchMap":{},"s":{"0":0,"1":0,"2":0},"f":{},"b":{}}
,"C:\\Users\\Leandro\\Desktop\\Frontend\\frontend\\src\\reportWebVitals.js": {"path":"C:\\Users\\Leandro\\Desktop\\Frontend\\frontend\\src\\reportWebVitals.js","statementMap":{"0":{"start":{"line":1,"column":24},"end":{"line":11,"column":1}},"1":{"start":{"line":2,"column":2},"end":{"line":10,"column":3}},"2":{"start":{"line":3,"column":4},"end":{"line":9,"column":7}},"3":{"start":{"line":4,"column":6},"end":{"line":4,"column":26}},"4":{"start":{"line":5,"column":6},"end":{"line":5,"column":26}},"5":{"start":{"line":6,"column":6},"end":{"line":6,"column":26}},"6":{"start":{"line":7,"column":6},"end":{"line":7,"column":26}},"7":{"start":{"line":8,"column":6},"end":{"line":8,"column":27}}},"fnMap":{"0":{"name":"(anonymous_0)","decl":{"start":{"line":1,"column":24},"end":{"line":1,"column":25}},"loc":{"start":{"line":1,"column":39},"end":{"line":11,"column":1}},"line":1},"1":{"name":"(anonymous_1)","decl":{"start":{"line":3,"column":30},"end":{"line":3,"column":31}},"loc":{"start":{"line":3,"column":79},"end":{"line":9,"column":5}},"line":3}},"branchMap":{"0":{"loc":{"start":{"line":2,"column":2},"end":{"line":10,"column":3}},"type":"if","locations":[{"start":{"line":2,"column":2},"end":{"line":10,"column":3}},{"start":{},"end":{}}],"line":2},"1":{"loc":{"start":{"line":2,"column":6},"end":{"line":2,"column":52}},"type":"binary-expr","locations":[{"start":{"line":2,"column":6},"end":{"line":2,"column":17}},{"start":{"line":2,"column":21},"end":{"line":2,"column":52}}],"line":2}},"s":{"0":0,"1":0,"2":0,"3":0,"4":0,"5":0,"6":0,"7":0},"f":{"0":0,"1":0},"b":{"0":[0,0],"1":[0,0]}}
,"C:\\Users\\Leandro\\Desktop\\Frontend\\frontend\\src\\components\\Login.js": {"path":"C:\\Users\\Leandro\\Desktop\\Frontend\\frontend\\src\\components\\Login.js","statementMap":{"0":{"start":{"line":6,"column":36},"end":{"line":6,"column":48}},"1":{"start":{"line":7,"column":36},"end":{"line":7,"column":48}},"2":{"start":{"line":11,"column":8},"end":{"line":11,"column":23}},"3":{"start":{"line":12,"column":8},"end":{"line":12,"column":47}},"4":{"start":{"line":17,"column":8},"end":{"line":17,"column":30}},"5":{"start":{"line":18,"column":6},"end":{"line":30,"column":7}},"6":{"start":{"line":19,"column":21},"end":{"line":22,"column":10}},"7":{"start":{"line":24,"column":8},"end":{"line":24,"column":39}},"8":{"start":{"line":25,"column":8},"end":{"line":25,"column":23}},"9":{"start":{"line":26,"column":8},"end":{"line":26,"column":23}},"10":{"start":{"line":27,"column":8},"end":{"line":27,"column":66}},"11":{"start":{"line":29,"column":8},"end":{"line":29,"column":46}},"12":{"start":{"line":33,"column":4},"end":{"line":51,"column":6}},"13":{"start":{"line":40,"column":34},"end":{"line":40,"column":59}},"14":{"start":{"line":47,"column":34},"end":{"line":47,"column":59}}},"fnMap":{"0":{"name":"Login","decl":{"start":{"line":4,"column":9},"end":{"line":4,"column":14}},"loc":{"start":{"line":4,"column":35},"end":{"line":52,"column":1}},"line":4},"1":{"name":"handleLogout","decl":{"start":{"line":10,"column":13},"end":{"line":10,"column":25}},"loc":{"start":{"line":10,"column":27},"end":{"line":13,"column":5}},"line":10},"2":{"name":"handleLogin","decl":{"start":{"line":16,"column":19},"end":{"line":16,"column":30}},"loc":{"start":{"line":16,"column":37},"end":{"line":31,"column":5}},"line":16},"3":{"name":"(anonymous_3)","decl":{"start":{"line":40,"column":22},"end":{"line":40,"column":23}},"loc":{"start":{"line":40,"column":34},"end":{"line":40,"column":59}},"line":40},"4":{"name":"(anonymous_4)","decl":{"start":{"line":47,"column":22},"end":{"line":47,"column":23}},"loc":{"start":{"line":47,"column":34},"end":{"line":47,"column":59}},"line":47}},"branchMap":{"0":{"loc":{"start":{"line":35,"column":13},"end":{"line":35,"column":79}},"type":"cond-expr","locations":[{"start":{"line":35,"column":22},"end":{"line":35,"column":74}},{"start":{"line":35,"column":77},"end":{"line":35,"column":79}}],"line":35}},"s":{"0":0,"1":0,"2":0,"3":0,"4":0,"5":0,"6":0,"7":0,"8":0,"9":0,"10":0,"11":0,"12":0,"13":0,"14":0},"f":{"0":0,"1":0,"2":0,"3":0,"4":0},"b":{"0":[0,0]}}
,"C:\\Users\\Leandro\\Desktop\\Frontend\\frontend\\src\\components\\Note.js": {"path":"C:\\Users\\Leandro\\Desktop\\Frontend\\frontend\\src\\components\\Note.js","statementMap":{"0":{"start":{"line":4,"column":1},"end":{"line":7,"column":14}}},"fnMap":{"0":{"name":"Note","decl":{"start":{"line":3,"column":9},"end":{"line":3,"column":13}},"loc":{"start":{"line":3,"column":20},"end":{"line":8,"column":1}},"line":3}},"branchMap":{"0":{"loc":{"start":{"line":6,"column":13},"end":{"line":6,"column":65}},"type":"cond-expr","locations":[{"start":{"line":6,"column":35},"end":{"line":6,"column":47}},{"start":{"line":6,"column":50},"end":{"line":6,"column":65}}],"line":6}},"s":{"0":2},"f":{"0":2},"b":{"0":[1,1]},"_coverageSchema":"1a1c01bbd47fc00a2c39e90264f33305004495a9","hash":"9ba7697fa54287c8481d380bdbedec9b22e63386"}
,"C:\\Users\\Leandro\\Desktop\\Frontend\\frontend\\src\\components\\Notes.js": {"path":"C:\\Users\\Leandro\\Desktop\\Frontend\\frontend\\src\\components\\Notes.js","statementMap":{"0":{"start":{"line":9,"column":30},"end":{"line":9,"column":42}},"1":{"start":{"line":10,"column":42},"end":{"line":10,"column":54}},"2":{"start":{"line":13,"column":6},"end":{"line":13,"column":28}},"3":{"start":{"line":15,"column":19},"end":{"line":15,"column":37}},"4":{"start":{"line":16,"column":22},"end":{"line":16,"column":26}},"5":{"start":{"line":18,"column":21},"end":{"line":22,"column":7}},"6":{"start":{"line":24,"column":6},"end":{"line":30,"column":7}},"7":{"start":{"line":25,"column":23},"end":{"line":25,"column":106}},"8":{"start":{"line":26,"column":8},"end":{"line":26,"column":53}},"9":{"start":{"line":26,"column":30},"end":{"line":26,"column":52}},"10":{"start":{"line":27,"column":8},"end":{"line":27,"column":26}},"11":{"start":{"line":29,"column":8},"end":{"line":29,"column":26}},"12":{"start":{"line":34,"column":4},"end":{"line":44,"column":19}},"13":{"start":{"line":35,"column":6},"end":{"line":43,"column":43}},"14":{"start":{"line":38,"column":25},"end":{"line":38,"column":33}},"15":{"start":{"line":39,"column":10},"end":{"line":39,"column":24}},"16":{"start":{"line":41,"column":10},"end":{"line":41,"column":57}},"17":{"start":{"line":43,"column":24},"end":{"line":43,"column":42}},"18":{"start":{"line":47,"column":1},"end":{"line":70,"column":10}},"19":{"start":{"line":51,"column":36},"end":{"line":51,"column":69}},"20":{"start":{"line":63,"column":32},"end":{"line":63,"column":60}}},"fnMap":{"0":{"name":"Notes","decl":{"start":{"line":7,"column":9},"end":{"line":7,"column":14}},"loc":{"start":{"line":7,"column":36},"end":{"line":73,"column":1}},"line":7},"1":{"name":"handleSendNote","decl":{"start":{"line":12,"column":19},"end":{"line":12,"column":33}},"loc":{"start":{"line":12,"column":40},"end":{"line":32,"column":5}},"line":12},"2":{"name":"(anonymous_2)","decl":{"start":{"line":26,"column":17},"end":{"line":26,"column":18}},"loc":{"start":{"line":26,"column":30},"end":{"line":26,"column":52}},"line":26},"3":{"name":"(anonymous_3)","decl":{"start":{"line":34,"column":14},"end":{"line":34,"column":15}},"loc":{"start":{"line":34,"column":20},"end":{"line":44,"column":5}},"line":34},"4":{"name":"(anonymous_4)","decl":{"start":{"line":37,"column":14},"end":{"line":37,"column":15}},"loc":{"start":{"line":37,"column":28},"end":{"line":42,"column":9}},"line":37},"5":{"name":"(anonymous_5)","decl":{"start":{"line":43,"column":15},"end":{"line":43,"column":16}},"loc":{"start":{"line":43,"column":24},"end":{"line":43,"column":42}},"line":43},"6":{"name":"(anonymous_6)","decl":{"start":{"line":51,"column":27},"end":{"line":51,"column":28}},"loc":{"start":{"line":51,"column":36},"end":{"line":51,"column":69}},"line":51},"7":{"name":"(anonymous_7)","decl":{"start":{"line":63,"column":20},"end":{"line":63,"column":21}},"loc":{"start":{"line":63,"column":32},"end":{"line":63,"column":60}},"line":63}},"branchMap":{"0":{"loc":{"start":{"line":48,"column":9},"end":{"line":56,"column":7}},"type":"cond-expr","locations":[{"start":{"line":49,"column":12},"end":{"line":53,"column":24}},{"start":{"line":55,"column":8},"end":{"line":55,"column":21}}],"line":48},"1":{"loc":{"start":{"line":58,"column":7},"end":{"line":66,"column":60}},"type":"cond-expr","locations":[{"start":{"line":58,"column":16},"end":{"line":66,"column":13}},{"start":{"line":66,"column":16},"end":{"line":66,"column":60}}],"line":58}},"s":{"0":0,"1":0,"2":0,"3":0,"4":0,"5":0,"6":0,"7":0,"8":0,"9":0,"10":0,"11":0,"12":0,"13":0,"14":0,"15":0,"16":0,"17":0,"18":0,"19":0,"20":0},"f":{"0":0,"1":0,"2":0,"3":0,"4":0,"5":0,"6":0,"7":0},"b":{"0":[0,0],"1":[0,0]}}
,"C:\\Users\\Leandro\\Desktop\\Frontend\\frontend\\src\\components\\Togglable.js": {"path":"C:\\Users\\Leandro\\Desktop\\Frontend\\frontend\\src\\components\\Togglable.js","statementMap":{"0":{"start":{"line":7,"column":34},"end":{"line":7,"column":48}},"1":{"start":{"line":8,"column":22},"end":{"line":8,"column":55}},"2":{"start":{"line":12,"column":8},"end":{"line":12,"column":43}},"3":{"start":{"line":12,"column":32},"end":{"line":12,"column":42}},"4":{"start":{"line":15,"column":4},"end":{"line":22,"column":5}},"5":{"start":{"line":25,"column":0},"end":{"line":27,"column":1}}},"fnMap":{"0":{"name":"Togglable","decl":{"start":{"line":5,"column":24},"end":{"line":5,"column":33}},"loc":{"start":{"line":5,"column":58},"end":{"line":23,"column":1}},"line":5},"1":{"name":"handleVisible","decl":{"start":{"line":11,"column":13},"end":{"line":11,"column":26}},"loc":{"start":{"line":11,"column":28},"end":{"line":13,"column":5}},"line":11},"2":{"name":"(anonymous_2)","decl":{"start":{"line":12,"column":19},"end":{"line":12,"column":20}},"loc":{"start":{"line":12,"column":32},"end":{"line":12,"column":42}},"line":12}},"branchMap":{"0":{"loc":{"start":{"line":8,"column":32},"end":{"line":8,"column":53}},"type":"cond-expr","locations":[{"start":{"line":8,"column":42},"end":{"line":8,"column":44}},{"start":{"line":8,"column":47},"end":{"line":8,"column":53}}],"line":8},"1":{"loc":{"start":{"line":20,"column":45},"end":{"line":20,"column":70}},"type":"cond-expr","locations":[{"start":{"line":20,"column":55},"end":{"line":20,"column":61}},{"start":{"line":20,"column":64},"end":{"line":20,"column":70}}],"line":20}},"s":{"0":2,"1":2,"2":1,"3":1,"4":2,"5":1},"f":{"0":2,"1":1,"2":1},"b":{"0":[1,1],"1":[1,1]},"_coverageSchema":"1a1c01bbd47fc00a2c39e90264f33305004495a9","hash":"bfe040bf50f6947aa4acb98698bd4aea42b994e4"}
,"C:\\Users\\Leandro\\Desktop\\Frontend\\frontend\\src\\services\\userService.js": {"path":"C:\\Users\\Leandro\\Desktop\\Frontend\\frontend\\src\\services\\userService.js","statementMap":{"0":{"start":{"line":3,"column":14},"end":{"line":9,"column":1}},"1":{"start":{"line":5,"column":20},"end":{"line":5,"column":53}},"2":{"start":{"line":7,"column":19},"end":{"line":7,"column":57}},"3":{"start":{"line":8,"column":4},"end":{"line":8,"column":15}}},"fnMap":{"0":{"name":"(anonymous_0)","decl":{"start":{"line":3,"column":14},"end":{"line":3,"column":15}},"loc":{"start":{"line":3,"column":35},"end":{"line":9,"column":1}},"line":3}},"branchMap":{},"s":{"0":0,"1":0,"2":0,"3":0},"f":{"0":0},"b":{}}
}
