TN:
SF:src\App.js
FN:6,App
FN:10,(anonymous_1)
FNF:2
FNH:0
FNDA:0,App
FNDA:0,(anonymous_1)
DA:8,0
DA:10,0
DA:11,0
DA:12,0
DA:13,0
DA:17,0
LF:6
LH:0
BRDA:12,0,0,0
BRDA:12,0,1,0
BRF:2
BRH:0
end_of_record
TN:
SF:src\index.js
FNF:0
FNH:0
DA:7,0
DA:8,0
DA:17,0
LF:3
LH:0
BRF:0
BRH:0
end_of_record
TN:
SF:src\reportWebVitals.js
FN:1,(anonymous_0)
FN:3,(anonymous_1)
FNF:2
FNH:0
FNDA:0,(anonymous_0)
FNDA:0,(anonymous_1)
DA:1,0
DA:2,0
DA:3,0
DA:4,0
DA:5,0
DA:6,0
DA:7,0
DA:8,0
LF:8
LH:0
BRDA:2,0,0,0
BRDA:2,0,1,0
BRDA:2,1,0,0
BRDA:2,1,1,0
BRF:4
BRH:0
end_of_record
TN:
SF:src\components\Login.js
FN:4,Login
FN:10,handleLogout
FN:16,handleLogin
FN:40,(anonymous_3)
FN:47,(anonymous_4)
FNF:5
FNH:0
FNDA:0,Login
FNDA:0,handleLogout
FNDA:0,handleLogin
FNDA:0,(anonymous_3)
FNDA:0,(anonymous_4)
DA:6,0
DA:7,0
DA:11,0
DA:12,0
DA:17,0
DA:18,0
DA:19,0
DA:24,0
DA:25,0
DA:26,0
DA:27,0
DA:29,0
DA:33,0
DA:40,0
DA:47,0
LF:15
LH:0
BRDA:35,0,0,0
BRDA:35,0,1,0
BRF:2
BRH:0
end_of_record
TN:
SF:src\components\Note.js
FN:3,Note
FNF:1
FNH:1
FNDA:2,Note
DA:4,2
LF:1
LH:1
BRDA:6,0,0,1
BRDA:6,0,1,1
BRF:2
BRH:2
end_of_record
TN:
SF:src\components\Notes.js
FN:7,Notes
FN:12,handleSendNote
FN:26,(anonymous_2)
FN:34,(anonymous_3)
FN:37,(anonymous_4)
FN:43,(anonymous_5)
FN:51,(anonymous_6)
FN:63,(anonymous_7)
FNF:8
FNH:0
FNDA:0,Notes
FNDA:0,handleSendNote
FNDA:0,(anonymous_2)
FNDA:0,(anonymous_3)
FNDA:0,(anonymous_4)
FNDA:0,(anonymous_5)
FNDA:0,(anonymous_6)
FNDA:0,(anonymous_7)
DA:9,0
DA:10,0
DA:13,0
DA:15,0
DA:16,0
DA:18,0
DA:24,0
DA:25,0
DA:26,0
DA:27,0
DA:29,0
DA:34,0
DA:35,0
DA:38,0
DA:39,0
DA:41,0
DA:43,0
DA:47,0
DA:51,0
DA:63,0
LF:20
LH:0
BRDA:48,0,0,0
BRDA:48,0,1,0
BRDA:58,1,0,0
BRDA:58,1,1,0
BRF:4
BRH:0
end_of_record
TN:
SF:src\components\Togglable.js
FN:5,Togglable
FN:11,handleVisible
FN:12,(anonymous_2)
FNF:3
FNH:3
FNDA:2,Togglable
FNDA:1,handleVisible
FNDA:1,(anonymous_2)
DA:7,2
DA:8,2
DA:12,1
DA:15,2
DA:25,1
LF:5
LH:5
BRDA:8,0,0,1
BRDA:8,0,1,1
BRDA:20,1,0,1
BRDA:20,1,1,1
BRF:4
BRH:4
end_of_record
TN:
SF:src\services\userService.js
FN:3,(anonymous_0)
FNF:1
FNH:0
FNDA:0,(anonymous_0)
DA:3,0
DA:5,0
DA:7,0
DA:8,0
LF:4
LH:0
BRF:0
BRH:0
end_of_record
